# JRE version: Java(TM) SE Runtime Environment (7.0_55-b13) (build 1.7.0_55-b13)
# Java VM: Java HotSpot(TM) 64-Bit Server VM (24.55-b03 mixed mode bsd-amd64 compressed oops)
Heap
 PSYoungGen      total 269312K, used 269199K [0x00000007eaa80000, 0x00000007ff880000, 0x0000000800000000)
  eden space 241664K, 100% used [0x00000007eaa80000,0x00000007f9680000,0x00000007f9680000)
  from space 27648K, 99% used [0x00000007f9680000,0x00000007fb163d80,0x00000007fb180000)
  to   space 50176K, 16% used [0x00000007fc780000,0x00000007fcf7c030,0x00000007ff880000)
 ParOldGen       total 256512K, used 134306K [0x00000007c0000000, 0x00000007cfa80000, 0x00000007eaa80000)
  object space 256512K, 52% used [0x00000007c0000000,0x00000007c8328888,0x00000007cfa80000)
 PSPermGen       total 178176K, used 146516K [0x00000007b0000000, 0x00000007bae00000, 0x00000007c0000000)
  object space 178176K, 82% used [0x00000007b0000000,0x00000007b8f152c8,0x00000007bae00000)
GC Heap History (10 events):
Event: 1104.813 GC heap after
Heap after GC invocations=30 (full 6):
 PSYoungGen      total 276992K, used 22636K [0x00000007eaa80000, 0x0000000800000000, 0x0000000800000000)
  eden space 235008K, 9% used [0x00000007eaa80000,0x00000007ec09b310,0x00000007f9000000)
  from space 41984K, 0% used [0x00000007fd700000,0x00000007fd700000,0x0000000800000000)
  to   space 57344K, 0% used [0x00000007f9000000,0x00000007f9000000,0x00000007fc800000)
 ParOldGen       total 256512K, used 152530K [0x00000007c0000000, 0x00000007cfa80000, 0x00000007eaa80000)
  object space 256512K, 59% used [0x00000007c0000000,0x00000007c94f4970,0x00000007cfa80000)
 PSPermGen       total 175616K, used 126701K [0x00000007b0000000, 0x00000007bab80000, 0x00000007c0000000)
  object space 175616K, 72% used [0x00000007b0000000,0x00000007b7bbb758,0x00000007bab80000)
}
Event: 1115.899 GC heap before
{Heap before GC invocations=31 (full 6):
 PSYoungGen      total 276992K, used 235008K [0x00000007eaa80000, 0x0000000800000000, 0x0000000800000000)
  eden space 235008K, 100% used [0x00000007eaa80000,0x00000007f9000000,0x00000007f9000000)
  from space 41984K, 0% used [0x00000007fd700000,0x00000007fd700000,0x0000000800000000)
  to   space 57344K, 0% used [0x00000007f9000000,0x00000007f9000000,0x00000007fc800000)
 ParOldGen       total 256512K, used 152530K [0x00000007c0000000, 0x00000007cfa80000, 0x00000007eaa80000)
  object space 256512K, 59% used [0x00000007c0000000,0x00000007c94f4970,0x00000007cfa80000)
 PSPermGen       total 175616K, used 130148K [0x00000007b0000000, 0x00000007bab80000, 0x00000007c0000000)
  object space 175616K, 74% used [0x00000007b0000000,0x00000007b7f19170,0x00000007bab80000)
Event: 1115.963 GC heap after
Heap after GC invocations=31 (full 6):
 PSYoungGen      total 292352K, used 28560K [0x00000007eaa80000, 0x0000000800000000, 0x0000000800000000)
  eden space 235008K, 0% used [0x00000007eaa80000,0x00000007eaa80000,0x00000007f9000000)
  from space 57344K, 49% used [0x00000007f9000000,0x00000007fabe4308,0x00000007fc800000)
  to   space 55296K, 0% used [0x00000007fca00000,0x00000007fca00000,0x0000000800000000)
 ParOldGen       total 256512K, used 152530K [0x00000007c0000000, 0x00000007cfa80000, 0x00000007eaa80000)
  object space 256512K, 59% used [0x00000007c0000000,0x00000007c94f4970,0x00000007cfa80000)
 PSPermGen       total 175616K, used 130148K [0x00000007b0000000, 0x00000007bab80000, 0x00000007c0000000)
  object space 175616K, 74% used [0x00000007b0000000,0x00000007b7f19170,0x00000007bab80000)
}
Event: 1117.744 GC heap before
{Heap before GC invocations=32 (full 6):
 PSYoungGen      total 292352K, used 67544K [0x00000007eaa80000, 0x0000000800000000, 0x0000000800000000)
  eden space 235008K, 16% used [0x00000007eaa80000,0x00000007ed092040,0x00000007f9000000)
  from space 57344K, 49% used [0x00000007f9000000,0x00000007fabe4308,0x00000007fc800000)
  to   space 55296K, 0% used [0x00000007fca00000,0x00000007fca00000,0x0000000800000000)
 ParOldGen       total 256512K, used 152530K [0x00000007c0000000, 0x00000007cfa80000, 0x00000007eaa80000)
  object space 256512K, 59% used [0x00000007c0000000,0x00000007c94f4970,0x00000007cfa80000)
 PSPermGen       total 175616K, used 130898K [0x00000007b0000000, 0x00000007bab80000, 0x00000007c0000000)
  object space 175616K, 74% used [0x00000007b0000000,0x00000007b7fd49f0,0x00000007bab80000)
Event: 1117.761 GC heap after
Heap after GC invocations=32 (full 6):
 PSYoungGen      total 296960K, used 25562K [0x00000007eaa80000, 0x0000000800000000, 0x0000000800000000)
  eden space 241664K, 0% used [0x00000007eaa80000,0x00000007eaa80000,0x00000007f9680000)
  from space 55296K, 46% used [0x00000007fca00000,0x00000007fe2f69d0,0x0000000800000000)
  to   space 52736K, 0% used [0x00000007f9680000,0x00000007f9680000,0x00000007fca00000)
 ParOldGen       total 256512K, used 152530K [0x00000007c0000000, 0x00000007cfa80000, 0x00000007eaa80000)
  object space 256512K, 59% used [0x00000007c0000000,0x00000007c94f4970,0x00000007cfa80000)
 PSPermGen       total 175616K, used 130898K [0x00000007b0000000, 0x00000007bab80000, 0x00000007c0000000)
  object space 175616K, 74% used [0x00000007b0000000,0x00000007b7fd49f0,0x00000007bab80000)
}
Event: 1117.761 GC heap before
{Heap before GC invocations=33 (full 7):
 PSYoungGen      total 296960K, used 25562K [0x00000007eaa80000, 0x0000000800000000, 0x0000000800000000)
  eden space 241664K, 0% used [0x00000007eaa80000,0x00000007eaa80000,0x00000007f9680000)
  from space 55296K, 46% used [0x00000007fca00000,0x00000007fe2f69d0,0x0000000800000000)
  to   space 52736K, 0% used [0x00000007f9680000,0x00000007f9680000,0x00000007fca00000)
 ParOldGen       total 256512K, used 152530K [0x00000007c0000000, 0x00000007cfa80000, 0x00000007eaa80000)
  object space 256512K, 59% used [0x00000007c0000000,0x00000007c94f4970,0x00000007cfa80000)
 PSPermGen       total 175616K, used 130898K [0x00000007b0000000, 0x00000007bab80000, 0x00000007c0000000)
  object space 175616K, 74% used [0x00000007b0000000,0x00000007b7fd49f0,0x00000007bab80000)
Event: 1118.366 GC heap after
Heap after GC invocations=33 (full 7):
 PSYoungGen      total 296960K, used 0K [0x00000007eaa80000, 0x0000000800000000, 0x0000000800000000)
  eden space 241664K, 0% used [0x00000007eaa80000,0x00000007eaa80000,0x00000007f9680000)
  from space 55296K, 0% used [0x00000007fca00000,0x00000007fca00000,0x0000000800000000)
  to   space 52736K, 0% used [0x00000007f9680000,0x00000007f9680000,0x00000007fca00000)
 ParOldGen       total 256512K, used 134306K [0x00000007c0000000, 0x00000007cfa80000, 0x00000007eaa80000)
  object space 256512K, 52% used [0x00000007c0000000,0x00000007c8328888,0x00000007cfa80000)
 PSPermGen       total 178176K, used 129948K [0x00000007b0000000, 0x00000007bae00000, 0x00000007c0000000)
  object space 178176K, 72% used [0x00000007b0000000,0x00000007b7ee71c0,0x00000007bae00000)
}
Event: 1136.480 GC heap before
{Heap before GC invocations=34 (full 7):
 PSYoungGen      total 296960K, used 241664K [0x00000007eaa80000, 0x0000000800000000, 0x0000000800000000)
  eden space 241664K, 100% used [0x00000007eaa80000,0x00000007f9680000,0x00000007f9680000)
  from space 55296K, 0% used [0x00000007fca00000,0x00000007fca00000,0x0000000800000000)
  to   space 52736K, 0% used [0x00000007f9680000,0x00000007f9680000,0x00000007fca00000)
 ParOldGen       total 256512K, used 134306K [0x00000007c0000000, 0x00000007cfa80000, 0x00000007eaa80000)
  object space 256512K, 52% used [0x00000007c0000000,0x00000007c8328888,0x00000007cfa80000)
 PSPermGen       total 178176K, used 139155K [0x00000007b0000000, 0x00000007bae00000, 0x00000007c0000000)
  object space 178176K, 78% used [0x00000007b0000000,0x00000007b87e4de8,0x00000007bae00000)
Event: 1136.502 GC heap after
Heap after GC invocations=34 (full 7):
 PSYoungGen      total 269312K, used 27535K [0x00000007eaa80000, 0x00000007ff880000, 0x0000000800000000)
  eden space 241664K, 0% used [0x00000007eaa80000,0x00000007eaa80000,0x00000007f9680000)
  from space 27648K, 99% used [0x00000007f9680000,0x00000007fb163d80,0x00000007fb180000)
  to   space 50176K, 0% used [0x00000007fc780000,0x00000007fc780000,0x00000007ff880000)
 ParOldGen       total 256512K, used 134306K [0x00000007c0000000, 0x00000007cfa80000, 0x00000007eaa80000)
  object space 256512K, 52% used [0x00000007c0000000,0x00000007c8328888,0x00000007cfa80000)
 PSPermGen       total 178176K, used 139155K [0x00000007b0000000, 0x00000007bae00000, 0x00000007c0000000)
  object space 178176K, 78% used [0x00000007b0000000,0x00000007b87e4de8,0x00000007bae00000)
}
Event: 7359.584 GC heap before
{Heap before GC invocations=35 (full 7):
 PSYoungGen      total 269312K, used 269199K [0x00000007eaa80000, 0x00000007ff880000, 0x0000000800000000)
  eden space 241664K, 100% used [0x00000007eaa80000,0x00000007f9680000,0x00000007f9680000)
  from space 27648K, 99% used [0x00000007f9680000,0x00000007fb163d80,0x00000007fb180000)
  to   space 50176K, 0% used [0x00000007fc780000,0x00000007fc780000,0x00000007ff880000)
 ParOldGen       total 256512K, used 134306K [0x00000007c0000000, 0x00000007cfa80000, 0x00000007eaa80000)
  object space 256512K, 52% used [0x00000007c0000000,0x00000007c8328888,0x00000007cfa80000)
 PSPermGen       total 178176K, used 146516K [0x00000007b0000000, 0x00000007bae00000, 0x00000007c0000000)
  object space 178176K, 82% used [0x00000007b0000000,0x00000007b8f152c8,0x00000007bae00000)

